Arguments: 
  /usr/local/Cellar/node/16.8.0/bin/node /usr/local/bin/yarn add @types/react-alert-template-basic

PATH: 
  /usr/local/opt/php@7.4/sbin:/usr/local/opt/php@7.4/bin:/usr/local/opt/php@7.4/sbin:/usr/local/opt/php@7.4/bin:/usr/local/opt/icu4c/sbin:/usr/local/opt/icu4c/bin:/usr/local/opt/icu4c/bin:/usr/local/opt/php@7.1/bin:/usr/local/bin:/usr/bin:/bin:/usr/sbin:/sbin:/Library/Apple/usr/bin:/usr/local/opt/php@7.4/sbin:/usr/local/opt/php@7.4/bin:/usr/local/opt/icu4c/sbin:/usr/local/opt/icu4c/bin:/usr/local/opt/php@7.1/bin

Yarn version: 
  1.22.11

Node version: 
  16.8.0

Platform: 
  darwin x64

Trace: 
  Error: https://registry.yarnpkg.com/@types%2freact-alert-template-basic: Not found
      at Request.params.callback [as _callback] (/usr/local/lib/node_modules/yarn/lib/cli.js:66992:18)
      at Request.self.callback (/usr/local/lib/node_modules/yarn/lib/cli.js:140763:22)
      at Request.emit (node:events:394:28)
      at Request.<anonymous> (/usr/local/lib/node_modules/yarn/lib/cli.js:141735:10)
      at Request.emit (node:events:394:28)
      at IncomingMessage.<anonymous> (/usr/local/lib/node_modules/yarn/lib/cli.js:141657:12)
      at Object.onceWrapper (node:events:513:28)
      at IncomingMessage.emit (node:events:406:35)
      at endReadableNT (node:internal/streams/readable:1343:12)
      at processTicksAndRejections (node:internal/process/task_queues:83:21)

npm manifest: 
  No manifest

yarn manifest: 
  No manifest

Lockfile: 
  No lockfile
